<?xml version="1.0" encoding="UTF-8"?>
<!-- Generated by org.testng.reporters.JUnitReportReporter -->
<testsuite hostname="LAPTOP-TCIABFM5" failures="0" tests="1" name="Testcase.SearchTC" time="14.732" errors="0" timestamp="2024-06-26T15:06:32 IST" skipped="0">
  <testcase classname="Testcase.SearchTC" name="Startpage" time="14.732"/>
</testsuite> <!-- Testcase.SearchTC -->
