<?xml version="1.0" encoding="UTF-8"?>
<!-- Generated by org.testng.reporters.JUnitReportReporter -->
<testsuite hostname="LAPTOP-TCIABFM5" failures="0" tests="1" name="Testcase.FlightresultTC" time="0.584" errors="0" timestamp="2024-07-01T12:55:26 IST" skipped="0">
  <testcase classname="Testcase.FlightresultTC" name="Flightresult" time="0.584"/>
</testsuite> <!-- Testcase.FlightresultTC -->
