<?xml version="1.0" encoding="UTF-8"?>
<!-- Generated by org.testng.reporters.JUnitReportReporter -->
<testsuite hostname="LAPTOP-TCIABFM5" failures="0" tests="1" name="Testcase.FlightresultTC" time="0.781" errors="0" timestamp="2024-09-04T10:29:17 IST" skipped="0">
  <testcase classname="Testcase.FlightresultTC" name="Flightresult" time="0.781"/>
</testsuite> <!-- Testcase.FlightresultTC -->
