<?xml version="1.0" encoding="UTF-8"?>
<!-- Generated by org.testng.reporters.JUnitReportReporter -->
<testsuite hostname="LAPTOP-TCIABFM5" failures="0" tests="1" name="Testcase.SearchTC" time="35.532" errors="0" timestamp="2024-06-26T18:23:20 IST" skipped="0">
  <testcase classname="Testcase.SearchTC" name="Startpage" time="35.532"/>
</testsuite> <!-- Testcase.SearchTC -->
