<?xml version="1.0" encoding="UTF-8"?>
<!-- Generated by org.testng.reporters.JUnitReportReporter -->
<testsuite hostname="LAPTOP-TCIABFM5" failures="0" tests="1" name="Testcase.FlightresultTC" time="0.593" errors="0" timestamp="2024-06-26T13:30:57 IST" skipped="0">
  <testcase classname="Testcase.FlightresultTC" name="Flightresult" time="0.593"/>
</testsuite> <!-- Testcase.FlightresultTC -->
