<?xml version="1.0" encoding="UTF-8"?>
<!-- Generated by org.testng.reporters.JUnitReportReporter -->
<testsuite hostname="LAPTOP-TCIABFM5" failures="0" tests="1" name="Testcase.PaymentTC" time="92.792" errors="0" timestamp="2024-07-04T20:24:26 IST" skipped="0">
  <testcase classname="Testcase.PaymentTC" name="Paymentcase" time="92.792"/>
</testsuite> <!-- Testcase.PaymentTC -->
