<?xml version="1.0" encoding="UTF-8"?>
<!-- Generated by org.testng.reporters.JUnitReportReporter -->
<testsuite hostname="LAPTOP-TCIABFM5" failures="0" tests="1" name="Testcase.AddonTC" time="5.242" errors="0" timestamp="2024-07-01T12:55:26 IST" skipped="0">
  <testcase classname="Testcase.AddonTC" name="Addoncase" time="5.242"/>
</testsuite> <!-- Testcase.AddonTC -->
