<?xml version="1.0" encoding="UTF-8"?>
<!-- Generated by org.testng.reporters.JUnitReportReporter -->
<testsuite hostname="LAPTOP-TCIABFM5" failures="0" tests="1" name="Testcase.AddonTC" time="5.840" errors="0" timestamp="2024-06-25T18:02:04 IST" skipped="0">
  <testcase classname="Testcase.AddonTC" name="Addoncase" time="5.840"/>
</testsuite> <!-- Testcase.AddonTC -->
