<?xml version="1.0" encoding="UTF-8"?>
<!-- Generated by org.testng.reporters.JUnitReportReporter -->
<testsuite hostname="LAPTOP-TCIABFM5" failures="0" tests="1" name="Testcase.SearchTC" time="13.468" errors="0" timestamp="2024-06-25T18:02:04 IST" skipped="0">
  <testcase classname="Testcase.SearchTC" name="Startpage" time="13.468"/>
</testsuite> <!-- Testcase.SearchTC -->
