<?xml version="1.0" encoding="UTF-8"?>
<!-- Generated by org.testng.reporters.JUnitReportReporter -->
<testsuite hostname="LAPTOP-TCIABFM5" failures="0" tests="1" name="Testcase.SearchTC" time="37.007" errors="0" timestamp="2024-07-04T11:42:37 IST" skipped="0">
  <testcase classname="Testcase.SearchTC" name="Startpage" time="37.007"/>
</testsuite> <!-- Testcase.SearchTC -->
