<?xml version="1.0" encoding="UTF-8"?>
<!-- Generated by org.testng.reporters.JUnitReportReporter -->
<testsuite hostname="LAPTOP-TCIABFM5" failures="0" tests="1" name="Testcase.ThanksTC" time="7.993" errors="0" timestamp="2024-06-26T15:06:32 IST" skipped="0">
  <testcase classname="Testcase.ThanksTC" name="Thankscase" time="7.993"/>
</testsuite> <!-- Testcase.ThanksTC -->
