<?xml version="1.0" encoding="UTF-8"?>
<!-- Generated by org.testng.reporters.JUnitReportReporter -->
<testsuite hostname="LAPTOP-TCIABFM5" failures="0" tests="1" name="Testcase.SearchTC" time="45.564" errors="0" timestamp="2024-09-04T10:29:17 IST" skipped="0">
  <testcase classname="Testcase.SearchTC" name="Startpage" time="45.564"/>
</testsuite> <!-- Testcase.SearchTC -->
