<?xml version="1.0" encoding="UTF-8"?>
<!-- Generated by org.testng.reporters.JUnitReportReporter -->
<testsuite hostname="LAPTOP-TCIABFM5" failures="0" tests="1" name="Testcase.SearchTC" time="25.615" errors="0" timestamp="2024-07-04T20:24:26 IST" skipped="0">
  <testcase classname="Testcase.SearchTC" name="Startpage" time="25.615"/>
</testsuite> <!-- Testcase.SearchTC -->
