<?xml version="1.0" encoding="UTF-8"?>
<!-- Generated by org.testng.reporters.JUnitReportReporter -->
<testsuite hostname="LAPTOP-TCIABFM5" failures="0" tests="1" name="Testcase.ThanksTC" time="0.684" errors="0" timestamp="2024-06-26T18:23:20 IST" skipped="0">
  <testcase classname="Testcase.ThanksTC" name="Thankscase" time="0.684"/>
</testsuite> <!-- Testcase.ThanksTC -->
