<?xml version="1.0" encoding="UTF-8"?>
<!-- Generated by org.testng.reporters.JUnitReportReporter -->
<testsuite hostname="LAPTOP-TCIABFM5" failures="0" tests="1" name="Testcase.SearchTC" time="39.407" errors="0" timestamp="2024-09-23T13:29:02 IST" skipped="0">
  <testcase classname="Testcase.SearchTC" name="Startpage" time="39.407"/>
</testsuite> <!-- Testcase.SearchTC -->
