<?xml version="1.0" encoding="UTF-8"?>
<!-- Generated by org.testng.reporters.JUnitReportReporter -->
<testsuite hostname="LAPTOP-TCIABFM5" failures="0" tests="1" name="Testcase.AddonTC" time="6.033" errors="0" timestamp="2024-09-23T13:29:02 IST" skipped="0">
  <testcase classname="Testcase.AddonTC" name="Addoncase" time="6.033"/>
</testsuite> <!-- Testcase.AddonTC -->
