<?xml version="1.0" encoding="UTF-8"?>
<!-- Generated by org.testng.reporters.JUnitReportReporter -->
<testsuite hostname="LAPTOP-TCIABFM5" failures="0" tests="1" name="Testcase.PaymentTC" time="69.144" errors="0" timestamp="2024-06-26T13:30:57 IST" skipped="0">
  <testcase classname="Testcase.PaymentTC" name="Paymentcase" time="69.144"/>
</testsuite> <!-- Testcase.PaymentTC -->
