<?xml version="1.0" encoding="UTF-8"?>
<!-- Generated by org.testng.reporters.JUnitReportReporter -->
<testsuite hostname="LAPTOP-TCIABFM5" failures="0" tests="1" name="Testcase.PassengerTC" time="0.000" errors="0" timestamp="2024-09-30T18:03:41 IST" skipped="1">
  <testcase classname="Testcase.PassengerTC" name="Passengerdetails" time="0.000">
    <skipped/>
  </testcase> <!-- Passengerdetails -->
</testsuite> <!-- Testcase.PassengerTC -->
