<?xml version="1.0" encoding="UTF-8"?>
<!-- Generated by org.testng.reporters.JUnitReportReporter -->
<testsuite hostname="LAPTOP-TCIABFM5" failures="0" tests="1" name="Testcase.PassengerTC" time="6.594" errors="0" timestamp="2024-06-26T13:30:57 IST" skipped="0">
  <testcase classname="Testcase.PassengerTC" name="Passengerdetails" time="6.594"/>
</testsuite> <!-- Testcase.PassengerTC -->
